<?xml version="1.0" encoding="UTF-8"?>
<testsuite xmlns:xsi="http://www.w3.org/2001/XMLSchema-instance" xsi:noNamespaceSchemaLocation="https://maven.apache.org/surefire/maven-surefire-plugin/xsd/surefire-test-report.xsd" name="TestSuite" time="40.264" tests="6" errors="0" skipped="0" failures="1">
  <properties>
    <property name="java.specification.version" value="13"/>
    <property name="sun.jnu.encoding" value="UTF-8"/>
    <property name="java.class.path" value="/Users/JibonPro/eclipse-workspace/FreeCRMTest/target/test-classes:/Users/JibonPro/eclipse-workspace/FreeCRMTest/target/classes:/Users/JibonPro/.m2/repository/org/seleniumhq/selenium/selenium-java/3.141.59/selenium-java-3.141.59.jar:/Users/JibonPro/.m2/repository/org/seleniumhq/selenium/selenium-api/3.141.59/selenium-api-3.141.59.jar:/Users/JibonPro/.m2/repository/org/seleniumhq/selenium/selenium-chrome-driver/3.141.59/selenium-chrome-driver-3.141.59.jar:/Users/JibonPro/.m2/repository/org/seleniumhq/selenium/selenium-edge-driver/3.141.59/selenium-edge-driver-3.141.59.jar:/Users/JibonPro/.m2/repository/org/seleniumhq/selenium/selenium-firefox-driver/3.141.59/selenium-firefox-driver-3.141.59.jar:/Users/JibonPro/.m2/repository/org/seleniumhq/selenium/selenium-ie-driver/3.141.59/selenium-ie-driver-3.141.59.jar:/Users/JibonPro/.m2/repository/org/seleniumhq/selenium/selenium-opera-driver/3.141.59/selenium-opera-driver-3.141.59.jar:/Users/JibonPro/.m2/repository/org/seleniumhq/selenium/selenium-remote-driver/3.141.59/selenium-remote-driver-3.141.59.jar:/Users/JibonPro/.m2/repository/org/seleniumhq/selenium/selenium-safari-driver/3.141.59/selenium-safari-driver-3.141.59.jar:/Users/JibonPro/.m2/repository/org/seleniumhq/selenium/selenium-support/3.141.59/selenium-support-3.141.59.jar:/Users/JibonPro/.m2/repository/net/bytebuddy/byte-buddy/1.8.15/byte-buddy-1.8.15.jar:/Users/JibonPro/.m2/repository/org/apache/commons/commons-exec/1.3/commons-exec-1.3.jar:/Users/JibonPro/.m2/repository/com/google/guava/guava/25.0-jre/guava-25.0-jre.jar:/Users/JibonPro/.m2/repository/com/google/code/findbugs/jsr305/1.3.9/jsr305-1.3.9.jar:/Users/JibonPro/.m2/repository/org/checkerframework/checker-compat-qual/2.0.0/checker-compat-qual-2.0.0.jar:/Users/JibonPro/.m2/repository/com/google/errorprone/error_prone_annotations/2.1.3/error_prone_annotations-2.1.3.jar:/Users/JibonPro/.m2/repository/com/google/j2objc/j2objc-annotations/1.1/j2objc-annotations-1.1.jar:/Users/JibonPro/.m2/repository/org/codehaus/mojo/animal-sniffer-annotations/1.14/animal-sniffer-annotations-1.14.jar:/Users/JibonPro/.m2/repository/com/squareup/okhttp3/okhttp/3.11.0/okhttp-3.11.0.jar:/Users/JibonPro/.m2/repository/com/squareup/okio/okio/1.14.0/okio-1.14.0.jar:/Users/JibonPro/.m2/repository/org/testng/testng/6.8/testng-6.8.jar:/Users/JibonPro/.m2/repository/junit/junit/4.10/junit-4.10.jar:/Users/JibonPro/.m2/repository/org/hamcrest/hamcrest-core/1.1/hamcrest-core-1.1.jar:/Users/JibonPro/.m2/repository/org/beanshell/bsh/2.0b4/bsh-2.0b4.jar:/Users/JibonPro/.m2/repository/com/beust/jcommander/1.27/jcommander-1.27.jar:/Users/JibonPro/.m2/repository/org/yaml/snakeyaml/1.6/snakeyaml-1.6.jar:/Users/JibonPro/.m2/repository/org/apache/poi/poi/4.1.2/poi-4.1.2.jar:/Users/JibonPro/.m2/repository/commons-codec/commons-codec/1.13/commons-codec-1.13.jar:/Users/JibonPro/.m2/repository/org/apache/commons/commons-collections4/4.4/commons-collections4-4.4.jar:/Users/JibonPro/.m2/repository/org/apache/commons/commons-math3/3.6.1/commons-math3-3.6.1.jar:/Users/JibonPro/.m2/repository/com/zaxxer/SparseBitSet/1.2/SparseBitSet-1.2.jar:/Users/JibonPro/.m2/repository/org/apache/poi/poi-ooxml/4.1.2/poi-ooxml-4.1.2.jar:/Users/JibonPro/.m2/repository/org/apache/commons/commons-compress/1.19/commons-compress-1.19.jar:/Users/JibonPro/.m2/repository/com/github/virtuald/curvesapi/1.06/curvesapi-1.06.jar:/Users/JibonPro/.m2/repository/org/apache/poi/poi-ooxml-schemas/4.1.2/poi-ooxml-schemas-4.1.2.jar:/Users/JibonPro/.m2/repository/org/apache/xmlbeans/xmlbeans/3.1.0/xmlbeans-3.1.0.jar:/Users/JibonPro/.m2/repository/org/apache/poi/poi-scratchpad/4.1.2/poi-scratchpad-4.1.2.jar:"/>
    <property name="java.vm.vendor" value="Oracle Corporation"/>
    <property name="sun.arch.data.model" value="64"/>
    <property name="java.vendor.url" value="https://java.oracle.com/"/>
    <property name="os.name" value="Mac OS X"/>
    <property name="java.vm.specification.version" value="13"/>
    <property name="sun.java.launcher" value="SUN_STANDARD"/>
    <property name="user.country" value="US"/>
    <property name="sun.boot.library.path" value="/Library/Java/JavaVirtualMachines/jdk-13.0.1.jdk/Contents/Home/lib"/>
    <property name="sun.java.command" value="/Users/JibonPro/eclipse-workspace/FreeCRMTest/target/surefire/surefirebooter12844121147139912705.jar /Users/JibonPro/eclipse-workspace/FreeCRMTest/target/surefire 2020-12-20T13-53-51_726-jvmRun1 surefire3546066229565904629tmp surefire_09258351960712193694tmp"/>
    <property name="http.nonProxyHosts" value="local|*.local|169.254/16|*.169.254/16"/>
    <property name="jdk.debug" value="release"/>
    <property name="surefire.test.class.path" value="/Users/JibonPro/eclipse-workspace/FreeCRMTest/target/test-classes:/Users/JibonPro/eclipse-workspace/FreeCRMTest/target/classes:/Users/JibonPro/.m2/repository/org/seleniumhq/selenium/selenium-java/3.141.59/selenium-java-3.141.59.jar:/Users/JibonPro/.m2/repository/org/seleniumhq/selenium/selenium-api/3.141.59/selenium-api-3.141.59.jar:/Users/JibonPro/.m2/repository/org/seleniumhq/selenium/selenium-chrome-driver/3.141.59/selenium-chrome-driver-3.141.59.jar:/Users/JibonPro/.m2/repository/org/seleniumhq/selenium/selenium-edge-driver/3.141.59/selenium-edge-driver-3.141.59.jar:/Users/JibonPro/.m2/repository/org/seleniumhq/selenium/selenium-firefox-driver/3.141.59/selenium-firefox-driver-3.141.59.jar:/Users/JibonPro/.m2/repository/org/seleniumhq/selenium/selenium-ie-driver/3.141.59/selenium-ie-driver-3.141.59.jar:/Users/JibonPro/.m2/repository/org/seleniumhq/selenium/selenium-opera-driver/3.141.59/selenium-opera-driver-3.141.59.jar:/Users/JibonPro/.m2/repository/org/seleniumhq/selenium/selenium-remote-driver/3.141.59/selenium-remote-driver-3.141.59.jar:/Users/JibonPro/.m2/repository/org/seleniumhq/selenium/selenium-safari-driver/3.141.59/selenium-safari-driver-3.141.59.jar:/Users/JibonPro/.m2/repository/org/seleniumhq/selenium/selenium-support/3.141.59/selenium-support-3.141.59.jar:/Users/JibonPro/.m2/repository/net/bytebuddy/byte-buddy/1.8.15/byte-buddy-1.8.15.jar:/Users/JibonPro/.m2/repository/org/apache/commons/commons-exec/1.3/commons-exec-1.3.jar:/Users/JibonPro/.m2/repository/com/google/guava/guava/25.0-jre/guava-25.0-jre.jar:/Users/JibonPro/.m2/repository/com/google/code/findbugs/jsr305/1.3.9/jsr305-1.3.9.jar:/Users/JibonPro/.m2/repository/org/checkerframework/checker-compat-qual/2.0.0/checker-compat-qual-2.0.0.jar:/Users/JibonPro/.m2/repository/com/google/errorprone/error_prone_annotations/2.1.3/error_prone_annotations-2.1.3.jar:/Users/JibonPro/.m2/repository/com/google/j2objc/j2objc-annotations/1.1/j2objc-annotations-1.1.jar:/Users/JibonPro/.m2/repository/org/codehaus/mojo/animal-sniffer-annotations/1.14/animal-sniffer-annotations-1.14.jar:/Users/JibonPro/.m2/repository/com/squareup/okhttp3/okhttp/3.11.0/okhttp-3.11.0.jar:/Users/JibonPro/.m2/repository/com/squareup/okio/okio/1.14.0/okio-1.14.0.jar:/Users/JibonPro/.m2/repository/org/testng/testng/6.8/testng-6.8.jar:/Users/JibonPro/.m2/repository/junit/junit/4.10/junit-4.10.jar:/Users/JibonPro/.m2/repository/org/hamcrest/hamcrest-core/1.1/hamcrest-core-1.1.jar:/Users/JibonPro/.m2/repository/org/beanshell/bsh/2.0b4/bsh-2.0b4.jar:/Users/JibonPro/.m2/repository/com/beust/jcommander/1.27/jcommander-1.27.jar:/Users/JibonPro/.m2/repository/org/yaml/snakeyaml/1.6/snakeyaml-1.6.jar:/Users/JibonPro/.m2/repository/org/apache/poi/poi/4.1.2/poi-4.1.2.jar:/Users/JibonPro/.m2/repository/commons-codec/commons-codec/1.13/commons-codec-1.13.jar:/Users/JibonPro/.m2/repository/org/apache/commons/commons-collections4/4.4/commons-collections4-4.4.jar:/Users/JibonPro/.m2/repository/org/apache/commons/commons-math3/3.6.1/commons-math3-3.6.1.jar:/Users/JibonPro/.m2/repository/com/zaxxer/SparseBitSet/1.2/SparseBitSet-1.2.jar:/Users/JibonPro/.m2/repository/org/apache/poi/poi-ooxml/4.1.2/poi-ooxml-4.1.2.jar:/Users/JibonPro/.m2/repository/org/apache/commons/commons-compress/1.19/commons-compress-1.19.jar:/Users/JibonPro/.m2/repository/com/github/virtuald/curvesapi/1.06/curvesapi-1.06.jar:/Users/JibonPro/.m2/repository/org/apache/poi/poi-ooxml-schemas/4.1.2/poi-ooxml-schemas-4.1.2.jar:/Users/JibonPro/.m2/repository/org/apache/xmlbeans/xmlbeans/3.1.0/xmlbeans-3.1.0.jar:/Users/JibonPro/.m2/repository/org/apache/poi/poi-scratchpad/4.1.2/poi-scratchpad-4.1.2.jar:"/>
    <property name="sun.cpu.endian" value="little"/>
    <property name="user.home" value="/Users/JibonPro"/>
    <property name="user.language" value="en"/>
    <property name="java.specification.vendor" value="Oracle Corporation"/>
    <property name="java.version.date" value="2019-10-15"/>
    <property name="java.home" value="/Library/Java/JavaVirtualMachines/jdk-13.0.1.jdk/Contents/Home"/>
    <property name="file.separator" value="/"/>
    <property name="basedir" value="/Users/JibonPro/eclipse-workspace/FreeCRMTest"/>
    <property name="java.vm.compressedOopsMode" value="Zero based"/>
    <property name="line.separator" value="&#10;"/>
    <property name="java.specification.name" value="Java Platform API Specification"/>
    <property name="java.vm.specification.vendor" value="Oracle Corporation"/>
    <property name="surefire.real.class.path" value="/Users/JibonPro/eclipse-workspace/FreeCRMTest/target/surefire/surefirebooter12844121147139912705.jar"/>
    <property name="sun.management.compiler" value="HotSpot 64-Bit Tiered Compilers"/>
    <property name="ftp.nonProxyHosts" value="local|*.local|169.254/16|*.169.254/16"/>
    <property name="java.runtime.version" value="13.0.1+9"/>
    <property name="user.name" value="JibonPro"/>
    <property name="path.separator" value=":"/>
    <property name="os.version" value="10.15.6"/>
    <property name="java.runtime.name" value="Java(TM) SE Runtime Environment"/>
    <property name="file.encoding" value="UTF-8"/>
    <property name="java.vm.name" value="Java HotSpot(TM) 64-Bit Server VM"/>
    <property name="localRepository" value="/Users/JibonPro/.m2/repository"/>
    <property name="java.vendor.url.bug" value="https://bugreport.java.com/bugreport/"/>
    <property name="java.io.tmpdir" value="/var/folders/92/nl00jjg57qlgvr9b4p6f29680000gp/T/"/>
    <property name="java.version" value="13.0.1"/>
    <property name="user.dir" value="/Users/JibonPro/eclipse-workspace/FreeCRMTest"/>
    <property name="os.arch" value="x86_64"/>
    <property name="java.vm.specification.name" value="Java Virtual Machine Specification"/>
    <property name="java.library.path" value="/Users/JibonPro/Library/Java/Extensions:/Library/Java/Extensions:/Network/Library/Java/Extensions:/System/Library/Java/Extensions:/usr/lib/java:."/>
    <property name="java.vm.info" value="mixed mode, sharing"/>
    <property name="java.vendor" value="Oracle Corporation"/>
    <property name="java.vm.version" value="13.0.1+9"/>
    <property name="sun.io.unicode.encoding" value="UnicodeBig"/>
    <property name="socksNonProxyHosts" value="local|*.local|169.254/16|*.169.254/16"/>
    <property name="java.class.version" value="57.0"/>
  </properties>
  <testcase name="verifyTitle" classname="crm.testcases.LoginPageTest" time="0.104"/>
  <testcase name="verifyCRMLogo" classname="crm.testcases.LoginPageTest" time="0.23"/>
  <testcase name="loginTest" classname="crm.testcases.LoginPageTest" time="0"/>
  <testcase name="verifyHomePageTitleTest" classname="crm.testcases.HomePageTests" time="0.009"/>
  <testcase name="verifyUserNameTest" classname="crm.testcases.HomePageTests" time="0.086"/>
  <testcase name="verifyContactsLinkTest" classname="crm.testcases.HomePageTests" time="0.123">
    <failure message="invalid selector: Unable to locate an element with the xpath expression //a[contains(text(), &apos;Contacts&apos;)} because of the following error:&#10;SyntaxError: Failed to execute &apos;evaluate&apos; on &apos;Document&apos;: The string &apos;//a[contains(text(), &apos;Contacts&apos;)}&apos; is not a valid XPath expression.&#10;  (Session info: chrome=87.0.4280.88)&#10;For documentation on this error, please visit: https://www.seleniumhq.org/exceptions/invalid_selector_exception.html&#10;Build info: version: &apos;3.141.59&apos;, revision: &apos;e82be7d358&apos;, time: &apos;2018-11-14T08:17:03&apos;&#10;System info: host: &apos;Mohammads-MacBook-Pro-2.local&apos;, ip: &apos;fe80:0:0:0:10b6:64e6:f05e:8bb3%en0&apos;, os.name: &apos;Mac OS X&apos;, os.arch: &apos;x86_64&apos;, os.version: &apos;10.15.6&apos;, java.version: &apos;13.0.1&apos;&#10;Driver info: org.openqa.selenium.chrome.ChromeDriver&#10;Capabilities {acceptInsecureCerts: false, browserName: chrome, browserVersion: 87.0.4280.88, chrome: {chromedriverVersion: 86.0.4240.22 (398b0743353ff..., userDataDir: /var/folders/92/nl00jjg57ql...}, goog:chromeOptions: {debuggerAddress: localhost:52444}, javascriptEnabled: true, networkConnectionEnabled: false, pageLoadStrategy: normal, platform: MAC, platformName: MAC, proxy: Proxy(), setWindowRect: true, strictFileInteractability: false, timeouts: {implicit: 0, pageLoad: 300000, script: 30000}, unhandledPromptBehavior: dismiss and notify, webauthn:virtualAuthenticators: true}&#10;Session ID: ad1d401606f4b520290eccb8fc34deb4&#10;*** Element info: {Using=xpath, value=//a[contains(text(), &apos;Contacts&apos;)}}" type="org.openqa.selenium.InvalidSelectorException">org.openqa.selenium.InvalidSelectorException: 
invalid selector: Unable to locate an element with the xpath expression //a[contains(text(), 'Contacts')} because of the following error:
SyntaxError: Failed to execute 'evaluate' on 'Document': The string '//a[contains(text(), 'Contacts')}' is not a valid XPath expression.
  (Session info: chrome=87.0.4280.88)
For documentation on this error, please visit: https://www.seleniumhq.org/exceptions/invalid_selector_exception.html
Build info: version: '3.141.59', revision: 'e82be7d358', time: '2018-11-14T08:17:03'
System info: host: 'Mohammads-MacBook-Pro-2.local', ip: 'fe80:0:0:0:10b6:64e6:f05e:8bb3%en0', os.name: 'Mac OS X', os.arch: 'x86_64', os.version: '10.15.6', java.version: '13.0.1'
Driver info: org.openqa.selenium.chrome.ChromeDriver
Capabilities {acceptInsecureCerts: false, browserName: chrome, browserVersion: 87.0.4280.88, chrome: {chromedriverVersion: 86.0.4240.22 (398b0743353ff..., userDataDir: /var/folders/92/nl00jjg57ql...}, goog:chromeOptions: {debuggerAddress: localhost:52444}, javascriptEnabled: true, networkConnectionEnabled: false, pageLoadStrategy: normal, platform: MAC, platformName: MAC, proxy: Proxy(), setWindowRect: true, strictFileInteractability: false, timeouts: {implicit: 0, pageLoad: 300000, script: 30000}, unhandledPromptBehavior: dismiss and notify, webauthn:virtualAuthenticators: true}
Session ID: ad1d401606f4b520290eccb8fc34deb4
*** Element info: {Using=xpath, value=//a[contains(text(), 'Contacts')}}
	at crm.testcases.HomePageTests.verifyContactsLinkTest(HomePageTests.java:54)
</failure>
    <system-err><![CDATA[Starting ChromeDriver 86.0.4240.22 (398b0743353ff36fb1b82468f63a3a93b4e2e89e-refs/branch-heads/4240@{#378}) on port 3362
Only local connections are allowed.
Please see https://chromedriver.chromium.org/security-considerations for suggestions on keeping ChromeDriver safe.
ChromeDriver was started successfully.
[1608490465.651][WARNING]: This version of ChromeDriver has not been tested with Chrome version 87.
Dec 20, 2020 1:54:25 PM org.openqa.selenium.remote.ProtocolHandshake createSession
INFO: Detected dialect: W3C
]]></system-err>
  </testcase>
</testsuite>