<?xml version="1.0" encoding="UTF-8"?>
<!-- Generated by org.testng.reporters.JUnitReportReporter -->
<testsuite hostname="Mohammads-MBP-2" failures="0" tests="3" name="crm.testcases.LoginPageTest" time="10.197" errors="0" timestamp="2020-12-07T23:25:14 EST" skipped="0">
  <testcase classname="crm.testcases.LoginPageTest" name="verifyTitle" time="3.309"/>
  <system-out/>
  <testcase classname="crm.testcases.LoginPageTest" name="verifyCRMLogo" time="3.453"/>
  <system-out/>
  <testcase classname="crm.testcases.LoginPageTest" name="loginTest" time="3.435"/>
  <system-out/>
</testsuite> <!-- crm.testcases.LoginPageTest -->
