<?xml version="1.0" encoding="UTF-8"?>
<!-- Generated by org.testng.reporters.JUnitReportReporter -->
<testsuite hostname="Mohammads-MacBook-Pro-2.local" failures="0" tests="3" name="crm.testcases.LoginPageTest" time="17.346" errors="0" timestamp="20 Dec 2020 18:54:33 GMT">
  <testcase classname="crm.testcases.LoginPageTest" name="verifyTitle" time="3.599"/>
  <testcase classname="crm.testcases.LoginPageTest" name="loginTest" time="3.782"/>
  <testcase classname="crm.testcases.LoginPageTest" name="verifyCRMLogo" time="9.965"/>
</testsuite> <!-- crm.testcases.LoginPageTest -->
